DEBUG: Processing file 08_rfm_churn.csv, detected category: INVOICE, rows: 15
DEBUG: Data Columns: ['customer_id', 'name', 'last_purchase_date', 'days_since_last_purchase', 'total_orders', 'total_revenue', 'avg_order_value', 'frequency_monthly', 'recency_score', 'frequency_score', 'monetary_score', 'rfm_total', 'rfm_segment', 'churn_probability', 'churn_risk', 'predicted_ltv', 'support_tickets_open', 'nps_score', 'payment_delays_count']
DEBUG: Sample Row: {'customer_id': 'CUST001', 'name': 'Rajesh Mehta', 'last_purchase_date': '2025-02-10', 'days_since_last_purchase': 9, 'total_orders': 24, 'total_revenue': 2850000, 'avg_order_value': 118750, 'frequency_monthly': 1.8, 'recency_score': 5, 'frequency_score': 5, 'monetary_score': 5, 'rfm_total': 15, 'rfm_segment': 'Champions', 'churn_probability': 0.04, 'churn_risk': 'Low', 'predicted_ltv': 4200000, 'support_tickets_open': 0, 'nps_score': 9, 'payment_delays_count': 0}
DEBUG: Processing file 07_purchase_orders.csv, detected category: INVOICE, rows: 12
DEBUG: Data Columns: ['po_id', 'po_date', 'supplier_id', 'supplier_name', 'supplier_gstin', 'item_id', 'item_name', 'category', 'hsn_code', 'qty', 'unit_cost', 'taxable_amount', 'igst_rate', 'igst_amount', 'total_amount', 'delivery_date', 'received_date', 'po_status', 'payment_status', 'payment_due_date', 'warehouse', 'raised_by']
DEBUG: Sample Row: {'po_id': 'PO-2025-001', 'po_date': '2025-01-03', 'supplier_id': 'SUP001', 'supplier_name': 'TechCore Software Pvt Ltd', 'supplier_gstin': '27AABCT1234A1ZZ', 'item_id': 'PRD-A01', 'item_name': 'Enterprise Analytics Suite', 'category': 'Software', 'hsn_code': 998314, 'qty': 30, 'unit_cost': 18000, 'taxable_amount': 540000, 'igst_rate': 18, 'igst_amount': 97200, 'total_amount': 637200, 'delivery_date': '2025-01-10', 'received_date': '2025-01-09', 'po_status': 'Received', 'payment_status': 'Paid', 'payment_due_date': '2025-02-02', 'warehouse': 'Digital', 'raised_by': 'EMP006'}
DEBUG: Processing file 06_leads.csv, detected category: CUSTOMER, rows: 15
DEBUG: Data Columns: ['lead_id', 'lead_date', 'source', 'company_name', 'contact_name', 'email', 'phone', 'industry', 'city', 'state', 'product_interest', 'deal_value_est', 'stage', 'probability_pct', 'sales_rep_id', 'follow_up_date', 'last_activity', 'activity_type', 'days_in_stage', 'notes']
DEBUG: Sample Row: {'lead_id': 'LEAD001', 'lead_date': '2025-01-05', 'source': 'Website', 'company_name': 'Aditya Biotech', 'contact_name': 'Sushant Roy', 'email': 'sushant@adityabio.com', 'phone': 9910001111, 'industry': 'Pharma', 'city': 'Hyderabad', 'state': 'Telangana', 'product_interest': 'ERP Integration Package', 'deal_value_est': 350000, 'stage': 'Qualified', 'probability_pct': 60.0, 'sales_rep_id': 'EMP007', 'follow_up_date': '2025-02-15', 'last_activity': '2025-02-10', 'activity_type': 'Demo', 'days_in_stage': 36, 'notes': 'Very interested post-demo'}
DEBUG: Processing file 05_ledger.csv, detected category: LEDGER, rows: 19
DEBUG: Data Columns: ['ledger_id', 'date', 'voucher_no', 'voucher_type', 'account_code', 'account_name', 'account_type', 'debit', 'credit', 'narration', 'cost_center', 'ref_order_id', 'gstin_party', 'tds_section', 'tds_amount']
DEBUG: Sample Row: {'ledger_id': 'LDG0001', 'date': '2025-01-02', 'voucher_no': 'JV-0001', 'voucher_type': 'Sales Invoice', 'account_code': 4001, 'account_name': 'Sales Revenue', 'account_type': 'Income', 'debit': 0, 'credit': 202500, 'narration': 'Sale to CUST001 - Enterprise Analytics Suite', 'cost_center': 'Sales', 'ref_order_id': 'ORD-2025-0001', 'gstin_party': '27AABCT3518Q1ZD', 'tds_section': nan, 'tds_amount': nan}
DEBUG: Processing file 04_inventory.csv, detected category: INVENTORY, rows: 20
DEBUG: Data Columns: ['product_id', 'product_name', 'category', 'hsn_code', 'sku', 'unit_of_measure', 'opening_stock', 'stock_in', 'stock_out', 'closing_stock', 'reorder_level', 'reorder_qty', 'unit_cost', 'selling_price', 'warehouse_location', 'last_updated', 'supplier_id', 'lead_time_days', 'abc_category']
DEBUG: Sample Row: {'product_id': 'PRD-A01', 'product_name': 'Enterprise Analytics Suite', 'category': 'Software License', 'hsn_code': 998314, 'sku': 'SW-ENT-001', 'unit_of_measure': 'License', 'opening_stock': 120, 'stock_in': 50, 'stock_out': 68, 'closing_stock': 102, 'reorder_level': 20, 'reorder_qty': 30, 'unit_cost': 18000, 'selling_price': 45000, 'warehouse_location': 'Digital', 'last_updated': '2025-02-28', 'supplier_id': 'SUP001', 'lead_time_days': 7, 'abc_category': 'A'}
DEBUG: Processing file 03_employees.csv, detected category: STAFF, rows: 14
DEBUG: Data Columns: ['employee_id', 'name', 'email', 'department', 'designation', 'manager_id', 'date_of_joining', 'salary_monthly', 'performance_score', 'sales_target_monthly', 'sales_achieved_ytd', 'leave_balance', 'attendance_pct', 'city', 'state', 'employment_type', 'status']
DEBUG: Sample Row: {'employee_id': 'EMP001', 'name': 'Arjun Kapoor', 'email': 'arjun@company.in', 'department': 'Sales', 'designation': 'VP Sales', 'manager_id': nan, 'date_of_joining': '2019-04-01', 'salary_monthly': 150000, 'performance_score': 4.5, 'sales_target_monthly': 10000000.0, 'sales_achieved_ytd': 18500000.0, 'leave_balance': 12, 'attendance_pct': 96.5, 'city': 'Mumbai', 'state': 'Maharashtra', 'employment_type': 'Full-Time', 'status': 'Active'}
DEBUG: Processing file 02_sales_orders.csv, detected category: INVOICE, rows: 20
DEBUG: Data Columns: ['order_id', 'customer_id', 'order_date', 'delivery_date', 'product_id', 'product_name', 'category', 'hsn_code', 'qty', 'unit_price', 'discount_pct', 'taxable_amount', 'cgst_rate', 'sgst_rate', 'igst_rate', 'cgst_amount', 'sgst_amount', 'igst_amount', 'total_amount', 'payment_status', 'payment_date', 'sales_rep_id', 'channel', 'notes']
DEBUG: Sample Row: {'order_id': 'ORD-2025-0001', 'customer_id': 'CUST001', 'order_date': '2025-01-02', 'delivery_date': '2025-01-08', 'product_id': 'PRD-A01', 'product_name': 'Enterprise Analytics Suite', 'category': 'Software', 'hsn_code': 998314, 'qty': 5, 'unit_price': 45000, 'discount_pct': 10, 'taxable_amount': 202500, 'cgst_rate': 9, 'sgst_rate': 9, 'igst_rate': 0, 'cgst_amount': 18225, 'sgst_amount': 18225, 'igst_amount': 0, 'total_amount': 238950, 'payment_status': 'Paid', 'payment_date': '2025-01-08', 'sales_rep_id': 'EMP003', 'channel': 'Direct', 'notes': 'Annual renewal'}
DEBUG: Processing file 01_customers.csv, detected category: CUSTOMER, rows: 15
DEBUG: Data Columns: ['customer_id', 'name', 'email', 'phone', 'company', 'gstin', 'state', 'city', 'segment', 'account_type', 'annual_revenue', 'credit_limit', 'payment_terms', 'created_date', 'last_purchase_date', 'sales_rep_id', 'status']
DEBUG: Sample Row: {'customer_id': 'CUST001', 'name': 'Rajesh Mehta', 'email': 'rajesh.mehta@techsol.in', 'phone': 9821001001, 'company': 'TechSolutions Pvt Ltd', 'gstin': '27AABCT3518Q1ZD', 'state': 'Maharashtra', 'city': 'Mumbai', 'segment': 'Enterprise', 'account_type': 'B2B', 'annual_revenue': 8500000, 'credit_limit': 500000, 'payment_terms': 'Net30', 'created_date': '2022-01-15', 'last_purchase_date': '2025-02-10', 'sales_rep_id': 'EMP003', 'status': 'Active'}
DEBUG: Processing file 08_rfm_churn.csv, detected category: RFM_CHURN, rows: 15
DEBUG: Data Columns: ['customer_id', 'name', 'last_purchase_date', 'days_since_last_purchase', 'total_orders', 'total_revenue', 'avg_order_value', 'frequency_monthly', 'recency_score', 'frequency_score', 'monetary_score', 'rfm_total', 'rfm_segment', 'churn_probability', 'churn_risk', 'predicted_ltv', 'support_tickets_open', 'nps_score', 'payment_delays_count']
DEBUG: Sample Row: {'customer_id': 'CUST001', 'name': 'Rajesh Mehta', 'last_purchase_date': '2025-02-10', 'days_since_last_purchase': 9, 'total_orders': 24, 'total_revenue': 2850000, 'avg_order_value': 118750, 'frequency_monthly': 1.8, 'recency_score': 5, 'frequency_score': 5, 'monetary_score': 5, 'rfm_total': 15, 'rfm_segment': 'Champions', 'churn_probability': 0.04, 'churn_risk': 'Low', 'predicted_ltv': 4200000, 'support_tickets_open': 0, 'nps_score': 9, 'payment_delays_count': 0}
DEBUG: Processing file 07_purchase_orders.csv, detected category: INVOICE, rows: 12
DEBUG: Data Columns: ['po_id', 'po_date', 'supplier_id', 'supplier_name', 'supplier_gstin', 'item_id', 'item_name', 'category', 'hsn_code', 'qty', 'unit_cost', 'taxable_amount', 'igst_rate', 'igst_amount', 'total_amount', 'delivery_date', 'received_date', 'po_status', 'payment_status', 'payment_due_date', 'warehouse', 'raised_by']
DEBUG: Sample Row: {'po_id': 'PO-2025-001', 'po_date': '2025-01-03', 'supplier_id': 'SUP001', 'supplier_name': 'TechCore Software Pvt Ltd', 'supplier_gstin': '27AABCT1234A1ZZ', 'item_id': 'PRD-A01', 'item_name': 'Enterprise Analytics Suite', 'category': 'Software', 'hsn_code': 998314, 'qty': 30, 'unit_cost': 18000, 'taxable_amount': 540000, 'igst_rate': 18, 'igst_amount': 97200, 'total_amount': 637200, 'delivery_date': '2025-01-10', 'received_date': '2025-01-09', 'po_status': 'Received', 'payment_status': 'Paid', 'payment_due_date': '2025-02-02', 'warehouse': 'Digital', 'raised_by': 'EMP006'}
DEBUG: Processing file 06_leads.csv, detected category: CUSTOMER, rows: 15
DEBUG: Data Columns: ['lead_id', 'lead_date', 'source', 'company_name', 'contact_name', 'email', 'phone', 'industry', 'city', 'state', 'product_interest', 'deal_value_est', 'stage', 'probability_pct', 'sales_rep_id', 'follow_up_date', 'last_activity', 'activity_type', 'days_in_stage', 'notes']
DEBUG: Sample Row: {'lead_id': 'LEAD001', 'lead_date': '2025-01-05', 'source': 'Website', 'company_name': 'Aditya Biotech', 'contact_name': 'Sushant Roy', 'email': 'sushant@adityabio.com', 'phone': 9910001111, 'industry': 'Pharma', 'city': 'Hyderabad', 'state': 'Telangana', 'product_interest': 'ERP Integration Package', 'deal_value_est': 350000, 'stage': 'Qualified', 'probability_pct': 60.0, 'sales_rep_id': 'EMP007', 'follow_up_date': '2025-02-15', 'last_activity': '2025-02-10', 'activity_type': 'Demo', 'days_in_stage': 36, 'notes': 'Very interested post-demo'}
DEBUG: Processing file 05_ledger.csv, detected category: LEDGER, rows: 19
DEBUG: Data Columns: ['ledger_id', 'date', 'voucher_no', 'voucher_type', 'account_code', 'account_name', 'account_type', 'debit', 'credit', 'narration', 'cost_center', 'ref_order_id', 'gstin_party', 'tds_section', 'tds_amount']
DEBUG: Sample Row: {'ledger_id': 'LDG0001', 'date': '2025-01-02', 'voucher_no': 'JV-0001', 'voucher_type': 'Sales Invoice', 'account_code': 4001, 'account_name': 'Sales Revenue', 'account_type': 'Income', 'debit': 0, 'credit': 202500, 'narration': 'Sale to CUST001 - Enterprise Analytics Suite', 'cost_center': 'Sales', 'ref_order_id': 'ORD-2025-0001', 'gstin_party': '27AABCT3518Q1ZD', 'tds_section': nan, 'tds_amount': nan}
DEBUG: Processing file 04_inventory.csv, detected category: INVENTORY, rows: 20
DEBUG: Data Columns: ['product_id', 'product_name', 'category', 'hsn_code', 'sku', 'unit_of_measure', 'opening_stock', 'stock_in', 'stock_out', 'closing_stock', 'reorder_level', 'reorder_qty', 'unit_cost', 'selling_price', 'warehouse_location', 'last_updated', 'supplier_id', 'lead_time_days', 'abc_category']
DEBUG: Sample Row: {'product_id': 'PRD-A01', 'product_name': 'Enterprise Analytics Suite', 'category': 'Software License', 'hsn_code': 998314, 'sku': 'SW-ENT-001', 'unit_of_measure': 'License', 'opening_stock': 120, 'stock_in': 50, 'stock_out': 68, 'closing_stock': 102, 'reorder_level': 20, 'reorder_qty': 30, 'unit_cost': 18000, 'selling_price': 45000, 'warehouse_location': 'Digital', 'last_updated': '2025-02-28', 'supplier_id': 'SUP001', 'lead_time_days': 7, 'abc_category': 'A'}
DEBUG: Processing file 03_employees.csv, detected category: STAFF, rows: 14
DEBUG: Data Columns: ['employee_id', 'name', 'email', 'department', 'designation', 'manager_id', 'date_of_joining', 'salary_monthly', 'performance_score', 'sales_target_monthly', 'sales_achieved_ytd', 'leave_balance', 'attendance_pct', 'city', 'state', 'employment_type', 'status']
DEBUG: Sample Row: {'employee_id': 'EMP001', 'name': 'Arjun Kapoor', 'email': 'arjun@company.in', 'department': 'Sales', 'designation': 'VP Sales', 'manager_id': nan, 'date_of_joining': '2019-04-01', 'salary_monthly': 150000, 'performance_score': 4.5, 'sales_target_monthly': 10000000.0, 'sales_achieved_ytd': 18500000.0, 'leave_balance': 12, 'attendance_pct': 96.5, 'city': 'Mumbai', 'state': 'Maharashtra', 'employment_type': 'Full-Time', 'status': 'Active'}
DEBUG: Processing file 02_sales_orders.csv, detected category: INVOICE, rows: 20
DEBUG: Data Columns: ['order_id', 'customer_id', 'order_date', 'delivery_date', 'product_id', 'product_name', 'category', 'hsn_code', 'qty', 'unit_price', 'discount_pct', 'taxable_amount', 'cgst_rate', 'sgst_rate', 'igst_rate', 'cgst_amount', 'sgst_amount', 'igst_amount', 'total_amount', 'payment_status', 'payment_date', 'sales_rep_id', 'channel', 'notes']
DEBUG: Sample Row: {'order_id': 'ORD-2025-0001', 'customer_id': 'CUST001', 'order_date': '2025-01-02', 'delivery_date': '2025-01-08', 'product_id': 'PRD-A01', 'product_name': 'Enterprise Analytics Suite', 'category': 'Software', 'hsn_code': 998314, 'qty': 5, 'unit_price': 45000, 'discount_pct': 10, 'taxable_amount': 202500, 'cgst_rate': 9, 'sgst_rate': 9, 'igst_rate': 0, 'cgst_amount': 18225, 'sgst_amount': 18225, 'igst_amount': 0, 'total_amount': 238950, 'payment_status': 'Paid', 'payment_date': '2025-01-08', 'sales_rep_id': 'EMP003', 'channel': 'Direct', 'notes': 'Annual renewal'}
DEBUG: Processing file 01_customers.csv, detected category: CUSTOMER, rows: 15
DEBUG: Data Columns: ['customer_id', 'name', 'email', 'phone', 'company', 'gstin', 'state', 'city', 'segment', 'account_type', 'annual_revenue', 'credit_limit', 'payment_terms', 'created_date', 'last_purchase_date', 'sales_rep_id', 'status']
DEBUG: Sample Row: {'customer_id': 'CUST001', 'name': 'Rajesh Mehta', 'email': 'rajesh.mehta@techsol.in', 'phone': 9821001001, 'company': 'TechSolutions Pvt Ltd', 'gstin': '27AABCT3518Q1ZD', 'state': 'Maharashtra', 'city': 'Mumbai', 'segment': 'Enterprise', 'account_type': 'B2B', 'annual_revenue': 8500000, 'credit_limit': 500000, 'payment_terms': 'Net30', 'created_date': '2022-01-15', 'last_purchase_date': '2025-02-10', 'sales_rep_id': 'EMP003', 'status': 'Active'}
DEBUG: Processing file 08_rfm_churn.csv, detected category: RFM_CHURN, rows: 15
DEBUG: Data Columns: ['customer_id', 'name', 'last_purchase_date', 'days_since_last_purchase', 'total_orders', 'total_revenue', 'avg_order_value', 'frequency_monthly', 'recency_score', 'frequency_score', 'monetary_score', 'rfm_total', 'rfm_segment', 'churn_probability', 'churn_risk', 'predicted_ltv', 'support_tickets_open', 'nps_score', 'payment_delays_count']
DEBUG: Sample Row: {'customer_id': 'CUST001', 'name': 'Rajesh Mehta', 'last_purchase_date': '2025-02-10', 'days_since_last_purchase': 9, 'total_orders': 24, 'total_revenue': 2850000, 'avg_order_value': 118750, 'frequency_monthly': 1.8, 'recency_score': 5, 'frequency_score': 5, 'monetary_score': 5, 'rfm_total': 15, 'rfm_segment': 'Champions', 'churn_probability': 0.04, 'churn_risk': 'Low', 'predicted_ltv': 4200000, 'support_tickets_open': 0, 'nps_score': 9, 'payment_delays_count': 0}
DEBUG: Processing file 07_purchase_orders.csv, detected category: INVOICE, rows: 12
DEBUG: Data Columns: ['po_id', 'po_date', 'supplier_id', 'supplier_name', 'supplier_gstin', 'item_id', 'item_name', 'category', 'hsn_code', 'qty', 'unit_cost', 'taxable_amount', 'igst_rate', 'igst_amount', 'total_amount', 'delivery_date', 'received_date', 'po_status', 'payment_status', 'payment_due_date', 'warehouse', 'raised_by']
DEBUG: Sample Row: {'po_id': 'PO-2025-001', 'po_date': '2025-01-03', 'supplier_id': 'SUP001', 'supplier_name': 'TechCore Software Pvt Ltd', 'supplier_gstin': '27AABCT1234A1ZZ', 'item_id': 'PRD-A01', 'item_name': 'Enterprise Analytics Suite', 'category': 'Software', 'hsn_code': 998314, 'qty': 30, 'unit_cost': 18000, 'taxable_amount': 540000, 'igst_rate': 18, 'igst_amount': 97200, 'total_amount': 637200, 'delivery_date': '2025-01-10', 'received_date': '2025-01-09', 'po_status': 'Received', 'payment_status': 'Paid', 'payment_due_date': '2025-02-02', 'warehouse': 'Digital', 'raised_by': 'EMP006'}
DEBUG: Processing file 06_leads.csv, detected category: CUSTOMER, rows: 15
DEBUG: Data Columns: ['lead_id', 'lead_date', 'source', 'company_name', 'contact_name', 'email', 'phone', 'industry', 'city', 'state', 'product_interest', 'deal_value_est', 'stage', 'probability_pct', 'sales_rep_id', 'follow_up_date', 'last_activity', 'activity_type', 'days_in_stage', 'notes']
DEBUG: Sample Row: {'lead_id': 'LEAD001', 'lead_date': '2025-01-05', 'source': 'Website', 'company_name': 'Aditya Biotech', 'contact_name': 'Sushant Roy', 'email': 'sushant@adityabio.com', 'phone': 9910001111, 'industry': 'Pharma', 'city': 'Hyderabad', 'state': 'Telangana', 'product_interest': 'ERP Integration Package', 'deal_value_est': 350000, 'stage': 'Qualified', 'probability_pct': 60.0, 'sales_rep_id': 'EMP007', 'follow_up_date': '2025-02-15', 'last_activity': '2025-02-10', 'activity_type': 'Demo', 'days_in_stage': 36, 'notes': 'Very interested post-demo'}
DEBUG: Processing file 05_ledger.csv, detected category: LEDGER, rows: 19
DEBUG: Data Columns: ['ledger_id', 'date', 'voucher_no', 'voucher_type', 'account_code', 'account_name', 'account_type', 'debit', 'credit', 'narration', 'cost_center', 'ref_order_id', 'gstin_party', 'tds_section', 'tds_amount']
DEBUG: Sample Row: {'ledger_id': 'LDG0001', 'date': '2025-01-02', 'voucher_no': 'JV-0001', 'voucher_type': 'Sales Invoice', 'account_code': 4001, 'account_name': 'Sales Revenue', 'account_type': 'Income', 'debit': 0, 'credit': 202500, 'narration': 'Sale to CUST001 - Enterprise Analytics Suite', 'cost_center': 'Sales', 'ref_order_id': 'ORD-2025-0001', 'gstin_party': '27AABCT3518Q1ZD', 'tds_section': nan, 'tds_amount': nan}
DEBUG: Processing file 04_inventory.csv, detected category: INVENTORY, rows: 20
DEBUG: Data Columns: ['product_id', 'product_name', 'category', 'hsn_code', 'sku', 'unit_of_measure', 'opening_stock', 'stock_in', 'stock_out', 'closing_stock', 'reorder_level', 'reorder_qty', 'unit_cost', 'selling_price', 'warehouse_location', 'last_updated', 'supplier_id', 'lead_time_days', 'abc_category']
DEBUG: Sample Row: {'product_id': 'PRD-A01', 'product_name': 'Enterprise Analytics Suite', 'category': 'Software License', 'hsn_code': 998314, 'sku': 'SW-ENT-001', 'unit_of_measure': 'License', 'opening_stock': 120, 'stock_in': 50, 'stock_out': 68, 'closing_stock': 102, 'reorder_level': 20, 'reorder_qty': 30, 'unit_cost': 18000, 'selling_price': 45000, 'warehouse_location': 'Digital', 'last_updated': '2025-02-28', 'supplier_id': 'SUP001', 'lead_time_days': 7, 'abc_category': 'A'}
DEBUG: Processing file 03_employees.csv, detected category: STAFF, rows: 14
DEBUG: Data Columns: ['employee_id', 'name', 'email', 'department', 'designation', 'manager_id', 'date_of_joining', 'salary_monthly', 'performance_score', 'sales_target_monthly', 'sales_achieved_ytd', 'leave_balance', 'attendance_pct', 'city', 'state', 'employment_type', 'status']
DEBUG: Sample Row: {'employee_id': 'EMP001', 'name': 'Arjun Kapoor', 'email': 'arjun@company.in', 'department': 'Sales', 'designation': 'VP Sales', 'manager_id': nan, 'date_of_joining': '2019-04-01', 'salary_monthly': 150000, 'performance_score': 4.5, 'sales_target_monthly': 10000000.0, 'sales_achieved_ytd': 18500000.0, 'leave_balance': 12, 'attendance_pct': 96.5, 'city': 'Mumbai', 'state': 'Maharashtra', 'employment_type': 'Full-Time', 'status': 'Active'}
DEBUG: Processing file 02_sales_orders.csv, detected category: INVOICE, rows: 20
DEBUG: Data Columns: ['order_id', 'customer_id', 'order_date', 'delivery_date', 'product_id', 'product_name', 'category', 'hsn_code', 'qty', 'unit_price', 'discount_pct', 'taxable_amount', 'cgst_rate', 'sgst_rate', 'igst_rate', 'cgst_amount', 'sgst_amount', 'igst_amount', 'total_amount', 'payment_status', 'payment_date', 'sales_rep_id', 'channel', 'notes']
DEBUG: Sample Row: {'order_id': 'ORD-2025-0001', 'customer_id': 'CUST001', 'order_date': '2025-01-02', 'delivery_date': '2025-01-08', 'product_id': 'PRD-A01', 'product_name': 'Enterprise Analytics Suite', 'category': 'Software', 'hsn_code': 998314, 'qty': 5, 'unit_price': 45000, 'discount_pct': 10, 'taxable_amount': 202500, 'cgst_rate': 9, 'sgst_rate': 9, 'igst_rate': 0, 'cgst_amount': 18225, 'sgst_amount': 18225, 'igst_amount': 0, 'total_amount': 238950, 'payment_status': 'Paid', 'payment_date': '2025-01-08', 'sales_rep_id': 'EMP003', 'channel': 'Direct', 'notes': 'Annual renewal'}
DEBUG: Processing file 01_customers.csv, detected category: CUSTOMER, rows: 15
DEBUG: Data Columns: ['customer_id', 'name', 'email', 'phone', 'company', 'gstin', 'state', 'city', 'segment', 'account_type', 'annual_revenue', 'credit_limit', 'payment_terms', 'created_date', 'last_purchase_date', 'sales_rep_id', 'status']
DEBUG: Sample Row: {'customer_id': 'CUST001', 'name': 'Rajesh Mehta', 'email': 'rajesh.mehta@techsol.in', 'phone': 9821001001, 'company': 'TechSolutions Pvt Ltd', 'gstin': '27AABCT3518Q1ZD', 'state': 'Maharashtra', 'city': 'Mumbai', 'segment': 'Enterprise', 'account_type': 'B2B', 'annual_revenue': 8500000, 'credit_limit': 500000, 'payment_terms': 'Net30', 'created_date': '2022-01-15', 'last_purchase_date': '2025-02-10', 'sales_rep_id': 'EMP003', 'status': 'Active'}
